---------------------------------------------------------------
[ 2018-08-22T16:15:17+08:00 ] 0.0.0.0 GET /
[ info ] localhost/ [运行时间：0.035529s][吞吐率：28.15req/s] [内存消耗：1,509.51kb] [文件加载：40]
[ info ] [ LANG ] E:\wxProjects\posSigntp5\thinkphp\lang\zh-cn.php
[ info ] [ ROUTE ] array (
  'type' => 'module',
  'module' => 
  array (
    0 => '',
    1 => NULL,
    2 => NULL,
  ),
)
[ info ] [ HEADER ] array (
  'host' => 'localhost',
  'connection' => 'keep-alive',
  'upgrade-insecure-requests' => '1',
  'user-agent' => 'Mozilla/5.0 (Windows NT 10.0; WOW64) AppleWebKit/537.36 (KHTML, like Gecko) Chrome/67.0.3396.62 Safari/537.36',
  'accept' => 'text/html,application/xhtml+xml,application/xml;q=0.9,image/webp,image/apng,*/*;q=0.8',
  'accept-encoding' => 'gzip, deflate, br',
  'accept-language' => 'zh-CN,zh;q=0.9,en;q=0.8',
  'cookie' => 'Phpstorm-4557ef14=08bf2599-c394-4c14-b030-1902b5143c0d; Webstorm-a74fc9f0=5060084d-8b7e-4b50-99a1-b9e6d3479673; pgv_pvi=369138688',
)
[ info ] [ PARAM ] array (
)
[ info ] [ LOG ] INIT File
---------------------------------------------------------------
[ 2018-08-22T16:34:48+08:00 ] 0.0.0.0 GET /phpMyAdmin/
[ info ] localhost/phpMyAdmin/ [运行时间：0.046875s][吞吐率：21.33req/s] [内存消耗：1,342.22kb] [文件加载：38]
[ info ] [ LANG ] E:\wxProjects\posSigntp5\thinkphp\lang\zh-cn.php
[ info ] [ ROUTE ] array (
  'type' => 'module',
  'module' => 
  array (
    0 => 'phpMyAdmin',
    1 => NULL,
    2 => NULL,
  ),
)
[ info ] [ HEADER ] array (
  'host' => 'localhost',
  'connection' => 'keep-alive',
  'upgrade-insecure-requests' => '1',
  'user-agent' => 'Mozilla/5.0 (Windows NT 10.0; WOW64) AppleWebKit/537.36 (KHTML, like Gecko) Chrome/67.0.3396.62 Safari/537.36',
  'accept' => 'text/html,application/xhtml+xml,application/xml;q=0.9,image/webp,image/apng,*/*;q=0.8',
  'accept-encoding' => 'gzip, deflate, br',
  'accept-language' => 'zh-CN,zh;q=0.9,en;q=0.8',
  'cookie' => 'Phpstorm-4557ef14=08bf2599-c394-4c14-b030-1902b5143c0d; Webstorm-a74fc9f0=5060084d-8b7e-4b50-99a1-b9e6d3479673; pgv_pvi=369138688',
)
[ info ] [ PARAM ] array (
)
[ info ] [ LOG ] INIT File
---------------------------------------------------------------
[ 2018-08-22T17:59:02+08:00 ] 0.0.0.0 GET /index/index/login?code=0339GZcO1tTEu31dAUeO17hAcO19GZcW
[ info ] localhost/index/index/login?code=0339GZcO1tTEu31dAUeO17hAcO19GZcW [运行时间：0.362015s][吞吐率：2.76req/s] [内存消耗：1,591.68kb] [文件加载：42]
[ info ] [ LANG ] E:\wxProjects\posSigntp5\thinkphp\lang\zh-cn.php
[ info ] [ ROUTE ] array (
  'type' => 'module',
  'module' => 
  array (
    0 => 'index',
    1 => 'index',
    2 => 'login',
  ),
)
[ info ] [ HEADER ] array (
  'host' => 'localhost',
  'connection' => 'keep-alive',
  'pragma' => 'no-cache',
  'cache-control' => 'no-cache',
  'user-agent' => 'Mozilla/5.0 (iPhone; CPU iPhone OS 9_1 like Mac OS X) AppleWebKit/601.1.46 (KHTML, like Gecko) Version/9.0 Mobile/13B143 Safari/601.1 wechatdevtools/1.02.1804120 MicroMessenger/6.5.7 Language/zh_CN webview/',
  'content-type' => 'application/json',
  'accept' => '*/*',
  'referer' => 'https://servicewechat.com/wx73d5034bff091768/devtools/page-frame.html',
  'accept-encoding' => 'gzip, deflate, br',
)
[ info ] [ PARAM ] array (
  'code' => '0339GZcO1tTEu31dAUeO17hAcO19GZcW',
)
[ info ] [ RUN ] app\index\controller\Index->login[ E:\wxProjects\posSigntp5\application\index\controller\Index.php ]
[ info ] [ LOG ] INIT File
