---------------------------------------------------------------
[ 2018-08-23T00:50:35+08:00 ] 0.0.0.0 POST /index/user/getRankInfo
[ info ] localhost/index/user/getRankInfo [运行时间：0.108453s][吞吐率：9.22req/s] [内存消耗：2,771.70kb] [文件加载：51]
[ info ] [ LANG ] E:\wxProjects\posSigntp5\thinkphp\lang\zh-cn.php
[ info ] [ ROUTE ] array (
  'type' => 'module',
  'module' => 
  array (
    0 => 'index',
    1 => 'user',
    2 => 'getRankInfo',
  ),
)
[ info ] [ HEADER ] array (
  'host' => 'localhost',
  'connection' => 'keep-alive',
  'content-length' => '41',
  'pragma' => 'no-cache',
  'cache-control' => 'no-cache',
  'origin' => 'http://127.0.0.1:63128',
  'user-agent' => 'Mozilla/5.0 (iPhone; CPU iPhone OS 9_1 like Mac OS X) AppleWebKit/601.1.46 (KHTML, like Gecko) Version/9.0 Mobile/13B143 Safari/601.1 wechatdevtools/1.02.1804120 MicroMessenger/6.5.7 Language/zh_CN webview/',
  'content-type' => 'application/json',
  'accept' => '*/*',
  'referer' => 'https://servicewechat.com/wx73d5034bff091768/devtools/page-frame.html',
  'accept-encoding' => 'gzip, deflate, br',
)
[ info ] [ PARAM ] array (
  'openid' => 'oFzv50HGlXxCp_zEwxOlLO7h8ixE',
)
[ info ] [ RUN ] app\index\controller\User->getRankInfo[ E:\wxProjects\posSigntp5\application\index\controller\User.php ]
[ info ] [ DB ] INIT mysql
[ info ] [ LOG ] INIT File
[ sql ] [ DB ] CONNECT:[ UseTime:0.004690s ] mysql:host=127.0.0.1;port=3306;dbname=positionsign;charset=utf8
[ sql ] [ SQL ] SHOW COLUMNS FROM `user_rank` [ RunTime:0.018303s ]
[ sql ] [ SQL ] SELECT * FROM `user_rank` ORDER BY `allrank` ASC [ RunTime:0.000595s ]
[ sql ] [ SQL ] SHOW COLUMNS FROM `user_info` [ RunTime:0.020878s ]
[ sql ] [ SQL ] SELECT * FROM `user_info` WHERE  `openid` = 'oFzv50HGlXxCp_zEwxOlLO7h8ixE' [ RunTime:0.000510s ]
---------------------------------------------------------------
[ 2018-08-23T00:50:42+08:00 ] 0.0.0.0 GET /index/index/login?code=033Tt9yx0f01yi1dixyx0iL3yx0Tt9yZ
[ info ] localhost/index/index/login?code=033Tt9yx0f01yi1dixyx0iL3yx0Tt9yZ [运行时间：0.406884s][吞吐率：2.46req/s] [内存消耗：1,591.98kb] [文件加载：42]
[ info ] [ LANG ] E:\wxProjects\posSigntp5\thinkphp\lang\zh-cn.php
[ info ] [ ROUTE ] array (
  'type' => 'module',
  'module' => 
  array (
    0 => 'index',
    1 => 'index',
    2 => 'login',
  ),
)
[ info ] [ HEADER ] array (
  'host' => 'localhost',
  'connection' => 'keep-alive',
  'pragma' => 'no-cache',
  'cache-control' => 'no-cache',
  'user-agent' => 'Mozilla/5.0 (iPhone; CPU iPhone OS 9_1 like Mac OS X) AppleWebKit/601.1.46 (KHTML, like Gecko) Version/9.0 Mobile/13B143 Safari/601.1 wechatdevtools/1.02.1804120 MicroMessenger/6.5.7 Language/zh_CN webview/',
  'content-type' => 'application/json',
  'accept' => '*/*',
  'referer' => 'https://servicewechat.com/wx73d5034bff091768/devtools/page-frame.html',
  'accept-encoding' => 'gzip, deflate, br',
)
[ info ] [ PARAM ] array (
  'code' => '033Tt9yx0f01yi1dixyx0iL3yx0Tt9yZ',
)
[ info ] [ RUN ] app\index\controller\Index->login[ E:\wxProjects\posSigntp5\application\index\controller\Index.php ]
[ info ] [ LOG ] INIT File
---------------------------------------------------------------
[ 2018-08-23T00:50:45+08:00 ] 0.0.0.0 POST /index/user/getRankInfo
[ info ] localhost/index/user/getRankInfo [运行时间：0.105942s][吞吐率：9.44req/s] [内存消耗：2,771.70kb] [文件加载：51]
[ info ] [ LANG ] E:\wxProjects\posSigntp5\thinkphp\lang\zh-cn.php
[ info ] [ ROUTE ] array (
  'type' => 'module',
  'module' => 
  array (
    0 => 'index',
    1 => 'user',
    2 => 'getRankInfo',
  ),
)
[ info ] [ HEADER ] array (
  'host' => 'localhost',
  'connection' => 'keep-alive',
  'content-length' => '41',
  'pragma' => 'no-cache',
  'cache-control' => 'no-cache',
  'origin' => 'http://127.0.0.1:63128',
  'user-agent' => 'Mozilla/5.0 (iPhone; CPU iPhone OS 9_1 like Mac OS X) AppleWebKit/601.1.46 (KHTML, like Gecko) Version/9.0 Mobile/13B143 Safari/601.1 wechatdevtools/1.02.1804120 MicroMessenger/6.5.7 Language/zh_CN webview/',
  'content-type' => 'application/json',
  'accept' => '*/*',
  'referer' => 'https://servicewechat.com/wx73d5034bff091768/devtools/page-frame.html',
  'accept-encoding' => 'gzip, deflate, br',
)
[ info ] [ PARAM ] array (
  'openid' => 'oFzv50HGlXxCp_zEwxOlLO7h8ixE',
)
[ info ] [ RUN ] app\index\controller\User->getRankInfo[ E:\wxProjects\posSigntp5\application\index\controller\User.php ]
[ info ] [ DB ] INIT mysql
[ info ] [ LOG ] INIT File
[ sql ] [ DB ] CONNECT:[ UseTime:0.011486s ] mysql:host=127.0.0.1;port=3306;dbname=positionsign;charset=utf8
[ sql ] [ SQL ] SHOW COLUMNS FROM `user_rank` [ RunTime:0.018443s ]
[ sql ] [ SQL ] SELECT * FROM `user_rank` ORDER BY `allrank` ASC [ RunTime:0.000562s ]
[ sql ] [ SQL ] SHOW COLUMNS FROM `user_info` [ RunTime:0.019938s ]
[ sql ] [ SQL ] SELECT * FROM `user_info` WHERE  `openid` = 'oFzv50HGlXxCp_zEwxOlLO7h8ixE' [ RunTime:0.000397s ]
---------------------------------------------------------------
[ 2018-08-23T00:54:21+08:00 ] 0.0.0.0 POST /index/user/submitInfo
[ info ] localhost/index/user/submitInfo [运行时间：0.094635s][吞吐率：10.57req/s] [内存消耗：2,796.45kb] [文件加载：53]
[ info ] [ LANG ] E:\wxProjects\posSigntp5\thinkphp\lang\zh-cn.php
[ info ] [ ROUTE ] array (
  'type' => 'module',
  'module' => 
  array (
    0 => 'index',
    1 => 'user',
    2 => 'submitInfo',
  ),
)
[ info ] [ HEADER ] array (
  'host' => 'localhost',
  'connection' => 'keep-alive',
  'content-length' => '338',
  'pragma' => 'no-cache',
  'cache-control' => 'no-cache',
  'origin' => 'http://127.0.0.1:63128',
  'user-agent' => 'Mozilla/5.0 (iPhone; CPU iPhone OS 9_1 like Mac OS X) AppleWebKit/601.1.46 (KHTML, like Gecko) Version/9.0 Mobile/13B143 Safari/601.1 wechatdevtools/1.02.1804120 MicroMessenger/6.5.7 Language/zh_CN webview/',
  'content-type' => 'application/json',
  'accept' => '*/*',
  'referer' => 'https://servicewechat.com/wx73d5034bff091768/devtools/page-frame.html',
  'accept-encoding' => 'gzip, deflate, br',
)
[ info ] [ PARAM ] array (
  'data' => 
  array (
    'stuName' => 'xyr',
    'stuId' => '0902170514',
    'stuTel' => '17397216985',
    'stuClass' => '1705',
    'stuSex' => '男',
    'stuCollege' => '计算机信息类',
    'username' => '踏雪无痕',
    'face' => 'https://wx.qlogo.cn/mmopen/vi_32/yEBeOZeicvRUPc6icADqYB3EstYBjlq27yNspMB5rzx8w1WuhLt9wZP7pk5G7J2zcvcrVUVsYv3IlHexFvkHhhww/132',
    'openid' => 'oFzv50HGlXxCp_zEwxOlLO7h8ixE',
  ),
)
[ info ] [ RUN ] app\index\controller\User->submitInfo[ E:\wxProjects\posSigntp5\application\index\controller\User.php ]
[ info ] [ DB ] INIT mysql
[ info ] [ LOG ] INIT File
[ sql ] [ DB ] CONNECT:[ UseTime:0.011675s ] mysql:host=127.0.0.1;port=3306;dbname=positionsign;charset=utf8
[ sql ] [ SQL ] SHOW COLUMNS FROM `user_info` [ RunTime:0.021400s ]
[ sql ] [ SQL ] SELECT * FROM `user_info` WHERE  `openid` = 'oFzv50HGlXxCp_zEwxOlLO7h8ixE' [ RunTime:0.000436s ]
[ sql ] [ SQL ] INSERT INTO `user_info` (`openid` , `stuName` , `stuId` , `stuTel` , `stuSex` , `stuCollege` , `stuClass`) VALUES ('oFzv50HGlXxCp_zEwxOlLO7h8ixE' , 'xyr' , '0902170514' , '17397216985' , '男' , '计算机信息类' , '1705') [ RunTime:0.000402s ]
[ sql ] [ SQL ] SELECT `id` FROM `user_info` WHERE  `openid` = 'oFzv50HGlXxCp_zEwxOlLO7h8ixE' [ RunTime:0.000336s ]
[ error ] [0]variable type error： array[E:\wxProjects\posSigntp5\thinkphp\library\think\Response.php:316]
---------------------------------------------------------------
[ 2018-08-23T00:55:03+08:00 ] 0.0.0.0 POST /index/user/submitInfo
[ info ] localhost/index/user/submitInfo [运行时间：0.072646s][吞吐率：13.77req/s] [内存消耗：2,767.66kb] [文件加载：51]
[ info ] [ LANG ] E:\wxProjects\posSigntp5\thinkphp\lang\zh-cn.php
[ info ] [ ROUTE ] array (
  'type' => 'module',
  'module' => 
  array (
    0 => 'index',
    1 => 'user',
    2 => 'submitInfo',
  ),
)
[ info ] [ HEADER ] array (
  'host' => 'localhost',
  'connection' => 'keep-alive',
  'content-length' => '338',
  'pragma' => 'no-cache',
  'cache-control' => 'no-cache',
  'origin' => 'http://127.0.0.1:63128',
  'user-agent' => 'Mozilla/5.0 (iPhone; CPU iPhone OS 9_1 like Mac OS X) AppleWebKit/601.1.46 (KHTML, like Gecko) Version/9.0 Mobile/13B143 Safari/601.1 wechatdevtools/1.02.1804120 MicroMessenger/6.5.7 Language/zh_CN webview/',
  'content-type' => 'application/json',
  'accept' => '*/*',
  'referer' => 'https://servicewechat.com/wx73d5034bff091768/devtools/page-frame.html',
  'accept-encoding' => 'gzip, deflate, br',
)
[ info ] [ PARAM ] array (
  'data' => 
  array (
    'stuName' => 'xyr',
    'stuId' => '0902170514',
    'stuTel' => '17397216985',
    'stuClass' => '1705',
    'stuSex' => '男',
    'stuCollege' => '计算机信息类',
    'username' => '踏雪无痕',
    'face' => 'https://wx.qlogo.cn/mmopen/vi_32/yEBeOZeicvRUPc6icADqYB3EstYBjlq27yNspMB5rzx8w1WuhLt9wZP7pk5G7J2zcvcrVUVsYv3IlHexFvkHhhww/132',
    'openid' => 'oFzv50HGlXxCp_zEwxOlLO7h8ixE',
  ),
)
[ info ] [ RUN ] app\index\controller\User->submitInfo[ E:\wxProjects\posSigntp5\application\index\controller\User.php ]
[ info ] [ DB ] INIT mysql
[ info ] [ LOG ] INIT File
[ sql ] [ DB ] CONNECT:[ UseTime:0.003232s ] mysql:host=127.0.0.1;port=3306;dbname=positionsign;charset=utf8
[ sql ] [ SQL ] SHOW COLUMNS FROM `user_info` [ RunTime:0.016076s ]
[ sql ] [ SQL ] SELECT * FROM `user_info` WHERE  `openid` = 'oFzv50HGlXxCp_zEwxOlLO7h8ixE' [ RunTime:0.000725s ]
[ sql ] [ SQL ] UPDATE `user_info`  SET `openid`='oFzv50HGlXxCp_zEwxOlLO7h8ixE',`stuName`='xyr',`stuId`='0902170514',`stuTel`='17397216985',`stuSex`='男',`stuCollege`='计算机信息类',`stuClass`='1705'  WHERE  `openid` = 'oFzv50HGlXxCp_zEwxOlLO7h8ixE' [ RunTime:0.000471s ]
---------------------------------------------------------------
[ 2018-08-23T00:56:35+08:00 ] 0.0.0.0 POST /index/user/submitInfo
[ info ] localhost/index/user/submitInfo [运行时间：0.101476s][吞吐率：9.85req/s] [内存消耗：2,770.96kb] [文件加载：51]
[ info ] [ LANG ] E:\wxProjects\posSigntp5\thinkphp\lang\zh-cn.php
[ info ] [ ROUTE ] array (
  'type' => 'module',
  'module' => 
  array (
    0 => 'index',
    1 => 'user',
    2 => 'submitInfo',
  ),
)
[ info ] [ HEADER ] array (
  'host' => 'localhost',
  'connection' => 'keep-alive',
  'content-length' => '338',
  'pragma' => 'no-cache',
  'cache-control' => 'no-cache',
  'origin' => 'http://127.0.0.1:63128',
  'user-agent' => 'Mozilla/5.0 (iPhone; CPU iPhone OS 9_1 like Mac OS X) AppleWebKit/601.1.46 (KHTML, like Gecko) Version/9.0 Mobile/13B143 Safari/601.1 wechatdevtools/1.02.1804120 MicroMessenger/6.5.7 Language/zh_CN webview/',
  'content-type' => 'application/json',
  'accept' => '*/*',
  'referer' => 'https://servicewechat.com/wx73d5034bff091768/devtools/page-frame.html',
  'accept-encoding' => 'gzip, deflate, br',
)
[ info ] [ PARAM ] array (
  'data' => 
  array (
    'stuName' => 'xyr',
    'stuId' => '0902170514',
    'stuTel' => '17397216985',
    'stuClass' => '1705',
    'stuSex' => '男',
    'stuCollege' => '计算机信息类',
    'username' => '踏雪无痕',
    'face' => 'https://wx.qlogo.cn/mmopen/vi_32/yEBeOZeicvRUPc6icADqYB3EstYBjlq27yNspMB5rzx8w1WuhLt9wZP7pk5G7J2zcvcrVUVsYv3IlHexFvkHhhww/132',
    'openid' => 'oFzv50HGlXxCp_zEwxOlLO7h8ixE',
  ),
)
[ info ] [ RUN ] app\index\controller\User->submitInfo[ E:\wxProjects\posSigntp5\application\index\controller\User.php ]
[ info ] [ DB ] INIT mysql
[ info ] [ LOG ] INIT File
[ sql ] [ DB ] CONNECT:[ UseTime:0.010547s ] mysql:host=127.0.0.1;port=3306;dbname=positionsign;charset=utf8
[ sql ] [ SQL ] SHOW COLUMNS FROM `user_info` [ RunTime:0.023552s ]
[ sql ] [ SQL ] SELECT * FROM `user_info` WHERE  `openid` = 'oFzv50HGlXxCp_zEwxOlLO7h8ixE' [ RunTime:0.000574s ]
[ sql ] [ SQL ] INSERT INTO `user_info` (`openid` , `stuName` , `stuId` , `stuTel` , `stuSex` , `stuCollege` , `stuClass`) VALUES ('oFzv50HGlXxCp_zEwxOlLO7h8ixE' , 'xyr' , '0902170514' , '17397216985' , '男' , '计算机信息类' , '1705') [ RunTime:0.000383s ]
[ sql ] [ SQL ] SELECT `id` FROM `user_info` WHERE  `openid` = 'oFzv50HGlXxCp_zEwxOlLO7h8ixE' [ RunTime:0.000338s ]
[ sql ] [ SQL ] SHOW COLUMNS FROM `user_rank` [ RunTime:0.014276s ]
[ sql ] [ SQL ] INSERT INTO `user_rank` (`sign_grade` , `openid` , `completed_num` , `username` , `face`) VALUES ('0' , 'oFzv50HGlXxCp_zEwxOlLO7h8ixE' , 0 , '踏雪无痕' , 'https://wx.qlogo.cn/mmopen/vi_32/yEBeOZeicvRUPc6icADqYB3EstYBjlq27yNspMB5rzx8w1WuhLt9wZP7pk5G7J2zcvcrVUVsYv3IlHexFvkHhhww/132') [ RunTime:0.000367s ]
---------------------------------------------------------------
[ 2018-08-23T00:57:51+08:00 ] 0.0.0.0 POST /index/user/submitInfo
[ info ] localhost/index/user/submitInfo [运行时间：0.089567s][吞吐率：11.16req/s] [内存消耗：2,797.82kb] [文件加载：53]
[ info ] [ LANG ] E:\wxProjects\posSigntp5\thinkphp\lang\zh-cn.php
[ info ] [ ROUTE ] array (
  'type' => 'module',
  'module' => 
  array (
    0 => 'index',
    1 => 'user',
    2 => 'submitInfo',
  ),
)
[ info ] [ HEADER ] array (
  'host' => 'localhost',
  'connection' => 'keep-alive',
  'content-length' => '338',
  'pragma' => 'no-cache',
  'cache-control' => 'no-cache',
  'origin' => 'http://127.0.0.1:63128',
  'user-agent' => 'Mozilla/5.0 (iPhone; CPU iPhone OS 9_1 like Mac OS X) AppleWebKit/601.1.46 (KHTML, like Gecko) Version/9.0 Mobile/13B143 Safari/601.1 wechatdevtools/1.02.1804120 MicroMessenger/6.5.7 Language/zh_CN webview/',
  'content-type' => 'application/json',
  'accept' => '*/*',
  'referer' => 'https://servicewechat.com/wx73d5034bff091768/devtools/page-frame.html',
  'accept-encoding' => 'gzip, deflate, br',
)
[ info ] [ PARAM ] array (
  'data' => 
  array (
    'stuName' => 'xyr',
    'stuId' => '0902170514',
    'stuTel' => '17397216985',
    'stuClass' => '1705',
    'stuSex' => '男',
    'stuCollege' => '计算机信息类',
    'username' => '踏雪无痕',
    'face' => 'https://wx.qlogo.cn/mmopen/vi_32/yEBeOZeicvRUPc6icADqYB3EstYBjlq27yNspMB5rzx8w1WuhLt9wZP7pk5G7J2zcvcrVUVsYv3IlHexFvkHhhww/132',
    'openid' => 'oFzv50HGlXxCp_zEwxOlLO7h8ixE',
  ),
)
[ info ] [ RUN ] app\index\controller\User->submitInfo[ E:\wxProjects\posSigntp5\application\index\controller\User.php ]
[ info ] [ DB ] INIT mysql
[ info ] [ LOG ] INIT File
[ sql ] [ DB ] CONNECT:[ UseTime:0.011350s ] mysql:host=127.0.0.1;port=3306;dbname=positionsign;charset=utf8
[ sql ] [ SQL ] SHOW COLUMNS FROM `user_info` [ RunTime:0.019967s ]
[ sql ] [ SQL ] SELECT * FROM `user_info` WHERE  `openid` = 'oFzv50HGlXxCp_zEwxOlLO7h8ixE' [ RunTime:0.000522s ]
[ sql ] [ SQL ] UPDATE `user_info`  SET `openid`='oFzv50HGlXxCp_zEwxOlLO7h8ixE',`stuName`='xyr',`stuId`='0902170514',`stuTel`='17397216985',`stuSex`='男',`stuCollege`='计算机信息类',`stuClass`='1705'  WHERE  `openid` = 'oFzv50HGlXxCp_zEwxOlLO7h8ixE' [ RunTime:0.000351s ]
[ sql ] [ SQL ] SELECT `id` FROM `user_info` WHERE  `openid` = 'oFzv50HGlXxCp_zEwxOlLO7h8ixE' [ RunTime:0.000306s ]
[ error ] [0]variable type error： array[E:\wxProjects\posSigntp5\thinkphp\library\think\Response.php:316]
---------------------------------------------------------------
[ 2018-08-23T00:58:41+08:00 ] 0.0.0.0 POST /index/user/submitInfo
[ info ] localhost/index/user/submitInfo [运行时间：0.080113s][吞吐率：12.48req/s] [内存消耗：2,767.24kb] [文件加载：51]
[ info ] [ LANG ] E:\wxProjects\posSigntp5\thinkphp\lang\zh-cn.php
[ info ] [ ROUTE ] array (
  'type' => 'module',
  'module' => 
  array (
    0 => 'index',
    1 => 'user',
    2 => 'submitInfo',
  ),
)
[ info ] [ HEADER ] array (
  'host' => 'localhost',
  'connection' => 'keep-alive',
  'content-length' => '338',
  'pragma' => 'no-cache',
  'cache-control' => 'no-cache',
  'origin' => 'http://127.0.0.1:63128',
  'user-agent' => 'Mozilla/5.0 (iPhone; CPU iPhone OS 9_1 like Mac OS X) AppleWebKit/601.1.46 (KHTML, like Gecko) Version/9.0 Mobile/13B143 Safari/601.1 wechatdevtools/1.02.1804120 MicroMessenger/6.5.7 Language/zh_CN webview/',
  'content-type' => 'application/json',
  'accept' => '*/*',
  'referer' => 'https://servicewechat.com/wx73d5034bff091768/devtools/page-frame.html',
  'accept-encoding' => 'gzip, deflate, br',
)
[ info ] [ PARAM ] array (
  'data' => 
  array (
    'stuName' => 'xyr',
    'stuId' => '0902170514',
    'stuTel' => '17397216985',
    'stuClass' => '1705',
    'stuSex' => '男',
    'stuCollege' => '计算机信息类',
    'username' => '踏雪无痕',
    'face' => 'https://wx.qlogo.cn/mmopen/vi_32/yEBeOZeicvRUPc6icADqYB3EstYBjlq27yNspMB5rzx8w1WuhLt9wZP7pk5G7J2zcvcrVUVsYv3IlHexFvkHhhww/132',
    'openid' => 'oFzv50HGlXxCp_zEwxOlLO7h8ixE',
  ),
)
[ info ] [ RUN ] app\index\controller\User->submitInfo[ E:\wxProjects\posSigntp5\application\index\controller\User.php ]
[ info ] [ DB ] INIT mysql
[ info ] [ LOG ] INIT File
[ sql ] [ DB ] CONNECT:[ UseTime:0.005689s ] mysql:host=127.0.0.1;port=3306;dbname=positionsign;charset=utf8
[ sql ] [ SQL ] SHOW COLUMNS FROM `user_info` [ RunTime:0.021370s ]
[ sql ] [ SQL ] SELECT * FROM `user_info` WHERE  `openid` = 'oFzv50HGlXxCp_zEwxOlLO7h8ixE' [ RunTime:0.000463s ]
[ sql ] [ SQL ] UPDATE `user_info`  SET `openid`='oFzv50HGlXxCp_zEwxOlLO7h8ixE',`stuName`='xyr',`stuId`='0902170514',`stuTel`='17397216985',`stuSex`='男',`stuCollege`='计算机信息类',`stuClass`='1705'  WHERE  `openid` = 'oFzv50HGlXxCp_zEwxOlLO7h8ixE' [ RunTime:0.000304s ]
[ sql ] [ SQL ] SELECT `id` FROM `user_info` WHERE  `openid` = 'oFzv50HGlXxCp_zEwxOlLO7h8ixE' [ RunTime:0.000181s ]
---------------------------------------------------------------
[ 2018-08-23T00:59:28+08:00 ] 0.0.0.0 POST /index/user/submitInfo
[ info ] localhost/index/user/submitInfo [运行时间：0.097361s][吞吐率：10.27req/s] [内存消耗：2,771.59kb] [文件加载：51]
[ info ] [ LANG ] E:\wxProjects\posSigntp5\thinkphp\lang\zh-cn.php
[ info ] [ ROUTE ] array (
  'type' => 'module',
  'module' => 
  array (
    0 => 'index',
    1 => 'user',
    2 => 'submitInfo',
  ),
)
[ info ] [ HEADER ] array (
  'host' => 'localhost',
  'connection' => 'keep-alive',
  'content-length' => '338',
  'pragma' => 'no-cache',
  'cache-control' => 'no-cache',
  'origin' => 'http://127.0.0.1:63128',
  'user-agent' => 'Mozilla/5.0 (iPhone; CPU iPhone OS 9_1 like Mac OS X) AppleWebKit/601.1.46 (KHTML, like Gecko) Version/9.0 Mobile/13B143 Safari/601.1 wechatdevtools/1.02.1804120 MicroMessenger/6.5.7 Language/zh_CN webview/',
  'content-type' => 'application/json',
  'accept' => '*/*',
  'referer' => 'https://servicewechat.com/wx73d5034bff091768/devtools/page-frame.html',
  'accept-encoding' => 'gzip, deflate, br',
)
[ info ] [ PARAM ] array (
  'data' => 
  array (
    'stuName' => 'xyr',
    'stuId' => '0902170514',
    'stuTel' => '17397216985',
    'stuClass' => '1705',
    'stuSex' => '男',
    'stuCollege' => '计算机信息类',
    'username' => '踏雪无痕',
    'face' => 'https://wx.qlogo.cn/mmopen/vi_32/yEBeOZeicvRUPc6icADqYB3EstYBjlq27yNspMB5rzx8w1WuhLt9wZP7pk5G7J2zcvcrVUVsYv3IlHexFvkHhhww/132',
    'openid' => 'oFzv50HGlXxCp_zEwxOlLO7h8ixE',
  ),
)
[ info ] [ RUN ] app\index\controller\User->submitInfo[ E:\wxProjects\posSigntp5\application\index\controller\User.php ]
[ info ] [ DB ] INIT mysql
[ info ] [ LOG ] INIT File
[ sql ] [ DB ] CONNECT:[ UseTime:0.005131s ] mysql:host=127.0.0.1;port=3306;dbname=positionsign;charset=utf8
[ sql ] [ SQL ] SHOW COLUMNS FROM `user_info` [ RunTime:0.018608s ]
[ sql ] [ SQL ] SELECT * FROM `user_info` WHERE  `openid` = 'oFzv50HGlXxCp_zEwxOlLO7h8ixE' [ RunTime:0.000485s ]
[ sql ] [ SQL ] INSERT INTO `user_info` (`openid` , `stuName` , `stuId` , `stuTel` , `stuSex` , `stuCollege` , `stuClass`) VALUES ('oFzv50HGlXxCp_zEwxOlLO7h8ixE' , 'xyr' , '0902170514' , '17397216985' , '男' , '计算机信息类' , '1705') [ RunTime:0.000394s ]
[ sql ] [ SQL ] SELECT `id` FROM `user_info` WHERE  `openid` = 'oFzv50HGlXxCp_zEwxOlLO7h8ixE' [ RunTime:0.000314s ]
[ sql ] [ SQL ] SHOW COLUMNS FROM `user_rank` [ RunTime:0.023208s ]
[ sql ] [ SQL ] INSERT INTO `user_rank` (`sign_grade` , `openid` , `completed_num` , `username` , `face` , `allrank`) VALUES ('0' , 'oFzv50HGlXxCp_zEwxOlLO7h8ixE' , 0 , '踏雪无痕' , 'https://wx.qlogo.cn/mmopen/vi_32/yEBeOZeicvRUPc6icADqYB3EstYBjlq27yNspMB5rzx8w1WuhLt9wZP7pk5G7J2zcvcrVUVsYv3IlHexFvkHhhww/132' , 5) [ RunTime:0.000493s ]
---------------------------------------------------------------
[ 2018-08-23T18:54:10+08:00 ] 0.0.0.0 GET /phpMyAdmin/
[ info ] localhost/phpMyAdmin/ [运行时间：0.291249s][吞吐率：3.43req/s] [内存消耗：1,342.22kb] [文件加载：38]
[ info ] [ LANG ] E:\wxProjects\posSigntp5\thinkphp\lang\zh-cn.php
[ info ] [ ROUTE ] array (
  'type' => 'module',
  'module' => 
  array (
    0 => 'phpMyAdmin',
    1 => NULL,
    2 => NULL,
  ),
)
[ info ] [ HEADER ] array (
  'host' => 'localhost',
  'connection' => 'keep-alive',
  'upgrade-insecure-requests' => '1',
  'user-agent' => 'Mozilla/5.0 (Windows NT 10.0; WOW64) AppleWebKit/537.36 (KHTML, like Gecko) Chrome/67.0.3396.62 Safari/537.36',
  'accept' => 'text/html,application/xhtml+xml,application/xml;q=0.9,image/webp,image/apng,*/*;q=0.8',
  'accept-encoding' => 'gzip, deflate, br',
  'accept-language' => 'zh-CN,zh;q=0.9,en;q=0.8',
  'cookie' => 'Phpstorm-4557ef14=08bf2599-c394-4c14-b030-1902b5143c0d; Webstorm-a74fc9f0=5060084d-8b7e-4b50-99a1-b9e6d3479673; pgv_pvi=369138688',
)
[ info ] [ PARAM ] array (
)
[ info ] [ LOG ] INIT File
---------------------------------------------------------------
[ 2018-08-23T18:55:21+08:00 ] 0.0.0.0 POST /index/user/getRankInfo
[ info ] localhost/index/user/getRankInfo [运行时间：0.566868s][吞吐率：1.76req/s] [内存消耗：2,773.58kb] [文件加载：51]
[ info ] [ LANG ] E:\wxProjects\posSigntp5\thinkphp\lang\zh-cn.php
[ info ] [ ROUTE ] array (
  'type' => 'module',
  'module' => 
  array (
    0 => 'index',
    1 => 'user',
    2 => 'getRankInfo',
  ),
)
[ info ] [ HEADER ] array (
  'host' => 'localhost',
  'connection' => 'keep-alive',
  'content-length' => '41',
  'pragma' => 'no-cache',
  'cache-control' => 'no-cache',
  'origin' => 'http://127.0.0.1:53361',
  'user-agent' => 'Mozilla/5.0 (iPhone; CPU iPhone OS 9_1 like Mac OS X) AppleWebKit/601.1.46 (KHTML, like Gecko) Version/9.0 Mobile/13B143 Safari/601.1 wechatdevtools/1.02.1804120 MicroMessenger/6.5.7 Language/zh_CN webview/',
  'content-type' => 'application/json',
  'accept' => '*/*',
  'referer' => 'https://servicewechat.com/wx73d5034bff091768/devtools/page-frame.html',
  'accept-encoding' => 'gzip, deflate, br',
)
[ info ] [ PARAM ] array (
  'openid' => 'oFzv50HGlXxCp_zEwxOlLO7h8ixE',
)
[ info ] [ RUN ] app\index\controller\User->getRankInfo[ E:\wxProjects\posSigntp5\application\index\controller\User.php ]
[ info ] [ DB ] INIT mysql
[ info ] [ LOG ] INIT File
[ sql ] [ DB ] CONNECT:[ UseTime:0.004278s ] mysql:host=127.0.0.1;port=3306;dbname=positionsign;charset=utf8
[ sql ] [ SQL ] SHOW COLUMNS FROM `user_rank` [ RunTime:0.021728s ]
[ sql ] [ SQL ] SELECT * FROM `user_rank` ORDER BY `allrank` ASC [ RunTime:0.000539s ]
[ sql ] [ SQL ] SHOW COLUMNS FROM `user_info` [ RunTime:0.022660s ]
[ sql ] [ SQL ] SELECT * FROM `user_info` WHERE  `openid` = 'oFzv50HGlXxCp_zEwxOlLO7h8ixE' [ RunTime:0.000525s ]
---------------------------------------------------------------
[ 2018-08-23T18:55:43+08:00 ] 0.0.0.0 POST /index/user/suceessSign
[ info ] localhost/index/user/suceessSign [运行时间：0.043527s][吞吐率：22.97req/s] [内存消耗：1,640.63kb] [文件加载：45]
[ info ] [ LANG ] E:\wxProjects\posSigntp5\thinkphp\lang\zh-cn.php
[ info ] [ ROUTE ] array (
  'type' => 'module',
  'module' => 
  array (
    0 => 'index',
    1 => 'user',
    2 => 'suceessSign',
  ),
)
[ info ] [ HEADER ] array (
  'host' => 'localhost',
  'connection' => 'keep-alive',
  'content-length' => '41',
  'pragma' => 'no-cache',
  'cache-control' => 'no-cache',
  'origin' => 'http://127.0.0.1:53361',
  'user-agent' => 'Mozilla/5.0 (iPhone; CPU iPhone OS 9_1 like Mac OS X) AppleWebKit/601.1.46 (KHTML, like Gecko) Version/9.0 Mobile/13B143 Safari/601.1 wechatdevtools/1.02.1804120 MicroMessenger/6.5.7 Language/zh_CN webview/',
  'content-type' => 'application/json',
  'accept' => '*/*',
  'referer' => 'https://servicewechat.com/wx73d5034bff091768/devtools/page-frame.html',
  'accept-encoding' => 'gzip, deflate, br',
)
[ info ] [ PARAM ] array (
  'openid' => 'oFzv50HGlXxCp_zEwxOlLO7h8ixE',
)
[ info ] [ LOG ] INIT File
---------------------------------------------------------------
[ 2018-08-23T18:56:01+08:00 ] 0.0.0.0 POST /index/user/succesSign
[ info ] localhost/index/user/succesSign [运行时间：0.036073s][吞吐率：27.72req/s] [内存消耗：1,640.59kb] [文件加载：45]
[ info ] [ LANG ] E:\wxProjects\posSigntp5\thinkphp\lang\zh-cn.php
[ info ] [ ROUTE ] array (
  'type' => 'module',
  'module' => 
  array (
    0 => 'index',
    1 => 'user',
    2 => 'succesSign',
  ),
)
[ info ] [ HEADER ] array (
  'host' => 'localhost',
  'connection' => 'keep-alive',
  'content-length' => '41',
  'pragma' => 'no-cache',
  'cache-control' => 'no-cache',
  'origin' => 'http://127.0.0.1:53361',
  'user-agent' => 'Mozilla/5.0 (iPhone; CPU iPhone OS 9_1 like Mac OS X) AppleWebKit/601.1.46 (KHTML, like Gecko) Version/9.0 Mobile/13B143 Safari/601.1 wechatdevtools/1.02.1804120 MicroMessenger/6.5.7 Language/zh_CN webview/',
  'content-type' => 'application/json',
  'accept' => '*/*',
  'referer' => 'https://servicewechat.com/wx73d5034bff091768/devtools/page-frame.html',
  'accept-encoding' => 'gzip, deflate, br',
)
[ info ] [ PARAM ] array (
  'openid' => 'oFzv50HGlXxCp_zEwxOlLO7h8ixE',
)
[ info ] [ LOG ] INIT File
---------------------------------------------------------------
[ 2018-08-23T18:56:19+08:00 ] 0.0.0.0 POST /index/user/successSign
[ info ] localhost/index/user/successSign [运行时间：0.170287s][吞吐率：5.87req/s] [内存消耗：2,816.45kb] [文件加载：55]
[ info ] [ LANG ] E:\wxProjects\posSigntp5\thinkphp\lang\zh-cn.php
[ info ] [ ROUTE ] array (
  'type' => 'module',
  'module' => 
  array (
    0 => 'index',
    1 => 'user',
    2 => 'successSign',
  ),
)
[ info ] [ HEADER ] array (
  'host' => 'localhost',
  'connection' => 'keep-alive',
  'content-length' => '41',
  'pragma' => 'no-cache',
  'cache-control' => 'no-cache',
  'origin' => 'http://127.0.0.1:53361',
  'user-agent' => 'Mozilla/5.0 (iPhone; CPU iPhone OS 9_1 like Mac OS X) AppleWebKit/601.1.46 (KHTML, like Gecko) Version/9.0 Mobile/13B143 Safari/601.1 wechatdevtools/1.02.1804120 MicroMessenger/6.5.7 Language/zh_CN webview/',
  'content-type' => 'application/json',
  'accept' => '*/*',
  'referer' => 'https://servicewechat.com/wx73d5034bff091768/devtools/page-frame.html',
  'accept-encoding' => 'gzip, deflate, br',
)
[ info ] [ PARAM ] array (
  'openid' => 'oFzv50HGlXxCp_zEwxOlLO7h8ixE',
)
[ info ] [ RUN ] app\index\controller\User->successSign[ E:\wxProjects\posSigntp5\application\index\controller\User.php ]
[ info ] [ DB ] INIT mysql
[ info ] [ LOG ] INIT File
[ sql ] [ DB ] CONNECT:[ UseTime:0.002041s ] mysql:host=127.0.0.1;port=3306;dbname=positionsign;charset=utf8
[ sql ] [ SQL ] SHOW COLUMNS FROM `user_info` [ RunTime:0.015684s ]
[ sql ] [ SQL ] SELECT * FROM `user_info` WHERE  `openid` = 'oFzv50HGlXxCp_zEwxOlLO7h8ixE' [ RunTime:0.000488s ]
[ error ] [8]未定义数组索引: position[E:\wxProjects\posSigntp5\application\index\model\User.php:175]
---------------------------------------------------------------
[ 2018-08-23T18:56:42+08:00 ] 0.0.0.0 POST /index/user/successSign
[ info ] localhost/index/user/successSign [运行时间：0.090066s][吞吐率：11.10req/s] [内存消耗：2,816.45kb] [文件加载：55]
[ info ] [ LANG ] E:\wxProjects\posSigntp5\thinkphp\lang\zh-cn.php
[ info ] [ ROUTE ] array (
  'type' => 'module',
  'module' => 
  array (
    0 => 'index',
    1 => 'user',
    2 => 'successSign',
  ),
)
[ info ] [ HEADER ] array (
  'host' => 'localhost',
  'connection' => 'keep-alive',
  'content-length' => '41',
  'pragma' => 'no-cache',
  'cache-control' => 'no-cache',
  'origin' => 'http://127.0.0.1:53361',
  'user-agent' => 'Mozilla/5.0 (iPhone; CPU iPhone OS 9_1 like Mac OS X) AppleWebKit/601.1.46 (KHTML, like Gecko) Version/9.0 Mobile/13B143 Safari/601.1 wechatdevtools/1.02.1804120 MicroMessenger/6.5.7 Language/zh_CN webview/',
  'content-type' => 'application/json',
  'accept' => '*/*',
  'referer' => 'https://servicewechat.com/wx73d5034bff091768/devtools/page-frame.html',
  'accept-encoding' => 'gzip, deflate, br',
)
[ info ] [ PARAM ] array (
  'openid' => 'oFzv50HGlXxCp_zEwxOlLO7h8ixE',
)
[ info ] [ RUN ] app\index\controller\User->successSign[ E:\wxProjects\posSigntp5\application\index\controller\User.php ]
[ info ] [ DB ] INIT mysql
[ info ] [ LOG ] INIT File
[ sql ] [ DB ] CONNECT:[ UseTime:0.012125s ] mysql:host=127.0.0.1;port=3306;dbname=positionsign;charset=utf8
[ sql ] [ SQL ] SHOW COLUMNS FROM `user_info` [ RunTime:0.019800s ]
[ sql ] [ SQL ] SELECT * FROM `user_info` WHERE  `openid` = 'oFzv50HGlXxCp_zEwxOlLO7h8ixE' [ RunTime:0.000836s ]
[ error ] [8]未定义数组索引: position[E:\wxProjects\posSigntp5\application\index\model\User.php:175]
---------------------------------------------------------------
[ 2018-08-23T18:57:19+08:00 ] 0.0.0.0 POST /index/user/successSign
[ info ] localhost/index/user/successSign [运行时间：0.498865s][吞吐率：2.00req/s] [内存消耗：2,844.26kb] [文件加载：55]
[ info ] [ LANG ] E:\wxProjects\posSigntp5\thinkphp\lang\zh-cn.php
[ info ] [ ROUTE ] array (
  'type' => 'module',
  'module' => 
  array (
    0 => 'index',
    1 => 'user',
    2 => 'successSign',
  ),
)
[ info ] [ HEADER ] array (
  'host' => 'localhost',
  'connection' => 'keep-alive',
  'content-length' => '76',
  'pragma' => 'no-cache',
  'cache-control' => 'no-cache',
  'origin' => 'http://127.0.0.1:53361',
  'user-agent' => 'Mozilla/5.0 (iPhone; CPU iPhone OS 9_1 like Mac OS X) AppleWebKit/601.1.46 (KHTML, like Gecko) Version/9.0 Mobile/13B143 Safari/601.1 wechatdevtools/1.02.1804120 MicroMessenger/6.5.7 Language/zh_CN webview/',
  'content-type' => 'application/json',
  'accept' => '*/*',
  'referer' => 'https://servicewechat.com/wx73d5034bff091768/devtools/page-frame.html',
  'accept-encoding' => 'gzip, deflate, br',
)
[ info ] [ PARAM ] array (
  'openid' => 'oFzv50HGlXxCp_zEwxOlLO7h8ixE',
  'position' => '本部校科教南楼',
)
[ info ] [ RUN ] app\index\controller\User->successSign[ E:\wxProjects\posSigntp5\application\index\controller\User.php ]
[ info ] [ DB ] INIT mysql
[ info ] [ LOG ] INIT File
[ sql ] [ DB ] CONNECT:[ UseTime:0.003307s ] mysql:host=127.0.0.1;port=3306;dbname=positionsign;charset=utf8
[ sql ] [ SQL ] SHOW COLUMNS FROM `user_info` [ RunTime:0.017225s ]
[ sql ] [ SQL ] SELECT * FROM `user_info` WHERE  `openid` = 'oFzv50HGlXxCp_zEwxOlLO7h8ixE' [ RunTime:0.000484s ]
[ sql ] [ SQL ] SHOW COLUMNS FROM `sign_status` [ RunTime:0.018593s ]
[ sql ] [ SQL ] SELECT * FROM `sign_status` WHERE  `openid` = 'oFzv50HGlXxCp_zEwxOlLO7h8ixE'  AND `position_name` = '本部校科教南楼' [ RunTime:0.000413s ]
[ sql ] [ SQL ] SHOW COLUMNS FROM `position_info` [ RunTime:0.012575s ]
[ sql ] [ SQL ] SELECT `position_number` FROM `position_info` WHERE  `position_name` = '本部校科教南楼' [ RunTime:0.000336s ]
[ sql ] [ SQL ] SELECT `position_grade` FROM `position_info` WHERE  `position_name` = '本部校科教南楼' [ RunTime:0.000281s ]
[ sql ] [ SQL ] SHOW COLUMNS FROM `user_rank` [ RunTime:0.016958s ]
[ sql ] [ SQL ] SELECT * FROM `user_rank` WHERE  `openid` = 'oFzv50HGlXxCp_zEwxOlLO7h8ixE' [ RunTime:0.000661s ]
[ sql ] [ SQL ] SELECT `allrank` FROM `user_rank` WHERE  `openid` = 'oFzv50HGlXxCp_zEwxOlLO7h8ixE' [ RunTime:0.000325s ]
[ sql ] [ SQL ] SELECT COUNT(*) AS tp_count FROM `user_rank` WHERE  (  sign_grade >= (40.1) ) LIMIT 1 [ RunTime:0.001056s ]
[ sql ] [ SQL ] UPDATE `user_rank`  SET `allrank`=5  WHERE  `allrank` = 4 [ RunTime:0.000922s ]
[ sql ] [ SQL ] UPDATE `user_rank`  SET `allrank`=4  WHERE  `allrank` = 3 [ RunTime:0.000244s ]
[ error ] [0]数据表字段不存在:[signtime][E:\wxProjects\posSigntp5\thinkphp\library\think\db\Builder.php:111]
---------------------------------------------------------------
[ 2018-08-23T18:57:51+08:00 ] 0.0.0.0 POST /index/user/successSign
[ info ] localhost/index/user/successSign [运行时间：0.134123s][吞吐率：7.46req/s] [内存消耗：2,814.52kb] [文件加载：52]
[ info ] [ LANG ] E:\wxProjects\posSigntp5\thinkphp\lang\zh-cn.php
[ info ] [ ROUTE ] array (
  'type' => 'module',
  'module' => 
  array (
    0 => 'index',
    1 => 'user',
    2 => 'successSign',
  ),
)
[ info ] [ HEADER ] array (
  'host' => 'localhost',
  'connection' => 'keep-alive',
  'content-length' => '76',
  'pragma' => 'no-cache',
  'cache-control' => 'no-cache',
  'origin' => 'http://127.0.0.1:53361',
  'user-agent' => 'Mozilla/5.0 (iPhone; CPU iPhone OS 9_1 like Mac OS X) AppleWebKit/601.1.46 (KHTML, like Gecko) Version/9.0 Mobile/13B143 Safari/601.1 wechatdevtools/1.02.1804120 MicroMessenger/6.5.7 Language/zh_CN webview/',
  'content-type' => 'application/json',
  'accept' => '*/*',
  'referer' => 'https://servicewechat.com/wx73d5034bff091768/devtools/page-frame.html',
  'accept-encoding' => 'gzip, deflate, br',
)
[ info ] [ PARAM ] array (
  'openid' => 'oFzv50HGlXxCp_zEwxOlLO7h8ixE',
  'position' => '本部校科教南楼',
)
[ info ] [ RUN ] app\index\controller\User->successSign[ E:\wxProjects\posSigntp5\application\index\controller\User.php ]
[ info ] [ DB ] INIT mysql
[ info ] [ LOG ] INIT File
[ sql ] [ DB ] CONNECT:[ UseTime:0.011503s ] mysql:host=127.0.0.1;port=3306;dbname=positionsign;charset=utf8
[ sql ] [ SQL ] SHOW COLUMNS FROM `user_info` [ RunTime:0.014671s ]
[ sql ] [ SQL ] SELECT * FROM `user_info` WHERE  `openid` = 'oFzv50HGlXxCp_zEwxOlLO7h8ixE' [ RunTime:0.000542s ]
[ sql ] [ SQL ] SHOW COLUMNS FROM `sign_status` [ RunTime:0.018211s ]
[ sql ] [ SQL ] SELECT * FROM `sign_status` WHERE  `openid` = 'oFzv50HGlXxCp_zEwxOlLO7h8ixE'  AND `position_name` = '本部校科教南楼' [ RunTime:0.000559s ]
[ sql ] [ SQL ] SHOW COLUMNS FROM `position_info` [ RunTime:0.017060s ]
[ sql ] [ SQL ] SELECT `position_number` FROM `position_info` WHERE  `position_name` = '本部校科教南楼' [ RunTime:0.000401s ]
[ sql ] [ SQL ] SELECT `position_grade` FROM `position_info` WHERE  `position_name` = '本部校科教南楼' [ RunTime:0.000463s ]
[ sql ] [ SQL ] SHOW COLUMNS FROM `user_rank` [ RunTime:0.018701s ]
[ sql ] [ SQL ] SELECT * FROM `user_rank` WHERE  `openid` = 'oFzv50HGlXxCp_zEwxOlLO7h8ixE' [ RunTime:0.000504s ]
[ sql ] [ SQL ] SELECT `allrank` FROM `user_rank` WHERE  `openid` = 'oFzv50HGlXxCp_zEwxOlLO7h8ixE' [ RunTime:0.000271s ]
[ sql ] [ SQL ] SELECT COUNT(*) AS tp_count FROM `user_rank` WHERE  (  sign_grade >= (40.1) ) LIMIT 1 [ RunTime:0.000377s ]
[ sql ] [ SQL ] UPDATE `user_rank`  SET `allrank`=5  WHERE  `allrank` = 4 [ RunTime:0.000323s ]
[ sql ] [ SQL ] UPDATE `user_rank`  SET `allrank`=4  WHERE  `allrank` = 3 [ RunTime:0.000204s ]
[ sql ] [ SQL ] INSERT INTO `sign_status` (`openid` , `position_name` , `rank` , `gain` , `signtime`) VALUES ('oFzv50HGlXxCp_zEwxOlLO7h8ixE' , '本部校科教南楼' , 541 , 40.1 , '2018-08-23 18:57;51') [ RunTime:0.000824s ]
[ sql ] [ SQL ] UPDATE `user_rank`  SET `allrank`=3,`openid`='oFzv50HGlXxCp_zEwxOlLO7h8ixE',`sign_grade`='40.1',`completed_num`=1,`username`='踏雪无痕',`face`='https://wx.qlogo.cn/mmopen/vi_32/yEBeOZeicvRUPc6icADqYB3EstYBjlq27yNspMB5rzx8w1WuhLt9wZP7pk5G7J2zcvcrVUVsYv3IlHexFvkHhhww/132'  WHERE  `openid` = 'oFzv50HGlXxCp_zEwxOlLO7h8ixE' [ RunTime:0.000436s ]
[ sql ] [ SQL ] UPDATE `position_info`  SET `position_number`=541  WHERE  `position_name` = '本部校科教南楼' [ RunTime:0.000638s ]
---------------------------------------------------------------
[ 2018-08-23T18:58:24+08:00 ] 0.0.0.0 POST /index/user/getInfo
[ info ] localhost/index/user/getInfo [运行时间：0.099379s][吞吐率：10.06req/s] [内存消耗：2,765.62kb] [文件加载：51]
[ info ] [ LANG ] E:\wxProjects\posSigntp5\thinkphp\lang\zh-cn.php
[ info ] [ ROUTE ] array (
  'type' => 'module',
  'module' => 
  array (
    0 => 'index',
    1 => 'user',
    2 => 'getInfo',
  ),
)
[ info ] [ HEADER ] array (
  'host' => 'localhost',
  'connection' => 'keep-alive',
  'content-length' => '41',
  'pragma' => 'no-cache',
  'cache-control' => 'no-cache',
  'origin' => 'http://127.0.0.1:53361',
  'user-agent' => 'Mozilla/5.0 (iPhone; CPU iPhone OS 9_1 like Mac OS X) AppleWebKit/601.1.46 (KHTML, like Gecko) Version/9.0 Mobile/13B143 Safari/601.1 wechatdevtools/1.02.1804120 MicroMessenger/6.5.7 Language/zh_CN webview/',
  'content-type' => 'application/json',
  'accept' => '*/*',
  'referer' => 'https://servicewechat.com/wx73d5034bff091768/devtools/page-frame.html',
  'accept-encoding' => 'gzip, deflate, br',
)
[ info ] [ PARAM ] array (
  'openid' => 'oFzv50HGlXxCp_zEwxOlLO7h8ixE',
)
[ info ] [ RUN ] app\index\controller\User->getInfo[ E:\wxProjects\posSigntp5\application\index\controller\User.php ]
[ info ] [ DB ] INIT mysql
[ info ] [ LOG ] INIT File
[ sql ] [ DB ] CONNECT:[ UseTime:0.003244s ] mysql:host=127.0.0.1;port=3306;dbname=positionsign;charset=utf8
[ sql ] [ SQL ] SHOW COLUMNS FROM `user_info` [ RunTime:0.022156s ]
[ sql ] [ SQL ] SELECT * FROM `user_info` WHERE  `openid` = 'oFzv50HGlXxCp_zEwxOlLO7h8ixE' [ RunTime:0.001105s ]
[ sql ] [ SQL ] SHOW COLUMNS FROM `user_rank` [ RunTime:0.014060s ]
[ sql ] [ SQL ] SELECT `completed_num` FROM `user_rank` WHERE  `openid` = 'oFzv50HGlXxCp_zEwxOlLO7h8ixE' [ RunTime:0.000297s ]
---------------------------------------------------------------
[ 2018-08-23T18:58:45+08:00 ] 0.0.0.0 POST /index/user/successSign
[ info ] localhost/index/user/successSign [运行时间：0.075000s][吞吐率：13.33req/s] [内存消耗：2,816.45kb] [文件加载：55]
[ info ] [ LANG ] E:\wxProjects\posSigntp5\thinkphp\lang\zh-cn.php
[ info ] [ ROUTE ] array (
  'type' => 'module',
  'module' => 
  array (
    0 => 'index',
    1 => 'user',
    2 => 'successSign',
  ),
)
[ info ] [ HEADER ] array (
  'host' => 'localhost',
  'connection' => 'keep-alive',
  'content-length' => '41',
  'pragma' => 'no-cache',
  'cache-control' => 'no-cache',
  'origin' => 'http://127.0.0.1:53361',
  'user-agent' => 'Mozilla/5.0 (iPhone; CPU iPhone OS 9_1 like Mac OS X) AppleWebKit/601.1.46 (KHTML, like Gecko) Version/9.0 Mobile/13B143 Safari/601.1 wechatdevtools/1.02.1804120 MicroMessenger/6.5.7 Language/zh_CN webview/',
  'content-type' => 'application/json',
  'accept' => '*/*',
  'referer' => 'https://servicewechat.com/wx73d5034bff091768/devtools/page-frame.html',
  'accept-encoding' => 'gzip, deflate, br',
)
[ info ] [ PARAM ] array (
  'openid' => 'oFzv50HGlXxCp_zEwxOlLO7h8ixE',
)
[ info ] [ RUN ] app\index\controller\User->successSign[ E:\wxProjects\posSigntp5\application\index\controller\User.php ]
[ info ] [ DB ] INIT mysql
[ info ] [ LOG ] INIT File
[ sql ] [ DB ] CONNECT:[ UseTime:0.002670s ] mysql:host=127.0.0.1;port=3306;dbname=positionsign;charset=utf8
[ sql ] [ SQL ] SHOW COLUMNS FROM `user_info` [ RunTime:0.012238s ]
[ sql ] [ SQL ] SELECT * FROM `user_info` WHERE  `openid` = 'oFzv50HGlXxCp_zEwxOlLO7h8ixE' [ RunTime:0.000483s ]
[ error ] [8]未定义数组索引: position[E:\wxProjects\posSigntp5\application\index\model\User.php:175]
---------------------------------------------------------------
[ 2018-08-23T18:59:45+08:00 ] 0.0.0.0 POST /index/user/getRankInfo
[ info ] localhost/index/user/getRankInfo [运行时间：0.098511s][吞吐率：10.15req/s] [内存消耗：2,773.59kb] [文件加载：51]
[ info ] [ LANG ] E:\wxProjects\posSigntp5\thinkphp\lang\zh-cn.php
[ info ] [ ROUTE ] array (
  'type' => 'module',
  'module' => 
  array (
    0 => 'index',
    1 => 'user',
    2 => 'getRankInfo',
  ),
)
[ info ] [ HEADER ] array (
  'host' => 'localhost',
  'connection' => 'keep-alive',
  'content-length' => '41',
  'pragma' => 'no-cache',
  'cache-control' => 'no-cache',
  'origin' => 'http://127.0.0.1:53361',
  'user-agent' => 'Mozilla/5.0 (iPhone; CPU iPhone OS 9_1 like Mac OS X) AppleWebKit/601.1.46 (KHTML, like Gecko) Version/9.0 Mobile/13B143 Safari/601.1 wechatdevtools/1.02.1804120 MicroMessenger/6.5.7 Language/zh_CN webview/',
  'content-type' => 'application/json',
  'accept' => '*/*',
  'referer' => 'https://servicewechat.com/wx73d5034bff091768/devtools/page-frame.html',
  'accept-encoding' => 'gzip, deflate, br',
)
[ info ] [ PARAM ] array (
  'openid' => 'oFzv50HGlXxCp_zEwxOlLO7h8ixE',
)
[ info ] [ RUN ] app\index\controller\User->getRankInfo[ E:\wxProjects\posSigntp5\application\index\controller\User.php ]
[ info ] [ DB ] INIT mysql
[ info ] [ LOG ] INIT File
[ sql ] [ DB ] CONNECT:[ UseTime:0.002766s ] mysql:host=127.0.0.1;port=3306;dbname=positionsign;charset=utf8
[ sql ] [ SQL ] SHOW COLUMNS FROM `user_rank` [ RunTime:0.016087s ]
[ sql ] [ SQL ] SELECT * FROM `user_rank` ORDER BY `allrank` ASC [ RunTime:0.000655s ]
[ sql ] [ SQL ] SHOW COLUMNS FROM `user_info` [ RunTime:0.021494s ]
[ sql ] [ SQL ] SELECT * FROM `user_info` WHERE  `openid` = 'oFzv50HGlXxCp_zEwxOlLO7h8ixE' [ RunTime:0.000814s ]
---------------------------------------------------------------
[ 2018-08-23T19:19:27+08:00 ] 0.0.0.0 POST /index/user/successSign
[ info ] localhost/index/user/successSign [运行时间：0.105512s][吞吐率：9.48req/s] [内存消耗：2,774.13kb] [文件加载：51]
[ info ] [ LANG ] E:\wxProjects\posSigntp5\thinkphp\lang\zh-cn.php
[ info ] [ ROUTE ] array (
  'type' => 'module',
  'module' => 
  array (
    0 => 'index',
    1 => 'user',
    2 => 'successSign',
  ),
)
[ info ] [ HEADER ] array (
  'host' => 'localhost',
  'connection' => 'keep-alive',
  'content-length' => '76',
  'pragma' => 'no-cache',
  'cache-control' => 'no-cache',
  'origin' => 'http://127.0.0.1:53361',
  'user-agent' => 'Mozilla/5.0 (iPhone; CPU iPhone OS 9_1 like Mac OS X) AppleWebKit/601.1.46 (KHTML, like Gecko) Version/9.0 Mobile/13B143 Safari/601.1 wechatdevtools/1.02.1804120 MicroMessenger/6.5.7 Language/zh_CN webview/',
  'content-type' => 'application/json',
  'accept' => '*/*',
  'referer' => 'https://servicewechat.com/wx73d5034bff091768/devtools/page-frame.html',
  'accept-encoding' => 'gzip, deflate, br',
)
[ info ] [ PARAM ] array (
  'openid' => 'oFzv50HGlXxCp_zEwxOlLO7h8ixE',
  'position' => '本部校科教南楼',
)
[ info ] [ RUN ] app\index\controller\User->successSign[ E:\wxProjects\posSigntp5\application\index\controller\User.php ]
[ info ] [ DB ] INIT mysql
[ info ] [ LOG ] INIT File
[ sql ] [ DB ] CONNECT:[ UseTime:0.003151s ] mysql:host=127.0.0.1;port=3306;dbname=positionsign;charset=utf8
[ sql ] [ SQL ] SHOW COLUMNS FROM `user_info` [ RunTime:0.021310s ]
[ sql ] [ SQL ] SELECT * FROM `user_info` WHERE  `openid` = 'oFzv50HGlXxCp_zEwxOlLO7h8ixE' [ RunTime:0.001446s ]
[ sql ] [ SQL ] SHOW COLUMNS FROM `sign_status` [ RunTime:0.016996s ]
[ sql ] [ SQL ] SELECT * FROM `sign_status` WHERE  `openid` = 'oFzv50HGlXxCp_zEwxOlLO7h8ixE'  AND `position_name` = '本部校科教南楼' [ RunTime:0.000391s ]
---------------------------------------------------------------
[ 2018-08-23T19:19:30+08:00 ] 0.0.0.0 POST /index/user/getRankInfo
[ info ] localhost/index/user/getRankInfo [运行时间：0.087809s][吞吐率：11.39req/s] [内存消耗：2,773.51kb] [文件加载：51]
[ info ] [ LANG ] E:\wxProjects\posSigntp5\thinkphp\lang\zh-cn.php
[ info ] [ ROUTE ] array (
  'type' => 'module',
  'module' => 
  array (
    0 => 'index',
    1 => 'user',
    2 => 'getRankInfo',
  ),
)
[ info ] [ HEADER ] array (
  'host' => 'localhost',
  'connection' => 'keep-alive',
  'content-length' => '41',
  'pragma' => 'no-cache',
  'cache-control' => 'no-cache',
  'origin' => 'http://127.0.0.1:53361',
  'user-agent' => 'Mozilla/5.0 (iPhone; CPU iPhone OS 9_1 like Mac OS X) AppleWebKit/601.1.46 (KHTML, like Gecko) Version/9.0 Mobile/13B143 Safari/601.1 wechatdevtools/1.02.1804120 MicroMessenger/6.5.7 Language/zh_CN webview/',
  'content-type' => 'application/json',
  'accept' => '*/*',
  'referer' => 'https://servicewechat.com/wx73d5034bff091768/devtools/page-frame.html',
  'accept-encoding' => 'gzip, deflate, br',
)
[ info ] [ PARAM ] array (
  'openid' => 'oFzv50HGlXxCp_zEwxOlLO7h8ixE',
)
[ info ] [ RUN ] app\index\controller\User->getRankInfo[ E:\wxProjects\posSigntp5\application\index\controller\User.php ]
[ info ] [ DB ] INIT mysql
[ info ] [ LOG ] INIT File
[ sql ] [ DB ] CONNECT:[ UseTime:0.010783s ] mysql:host=127.0.0.1;port=3306;dbname=positionsign;charset=utf8
[ sql ] [ SQL ] SHOW COLUMNS FROM `user_rank` [ RunTime:0.015710s ]
[ sql ] [ SQL ] SELECT * FROM `user_rank` ORDER BY `allrank` ASC [ RunTime:0.000508s ]
[ sql ] [ SQL ] SHOW COLUMNS FROM `user_info` [ RunTime:0.017692s ]
[ sql ] [ SQL ] SELECT * FROM `user_info` WHERE  `openid` = 'oFzv50HGlXxCp_zEwxOlLO7h8ixE' [ RunTime:0.000485s ]
---------------------------------------------------------------
[ 2018-08-23T19:19:33+08:00 ] 0.0.0.0 GET /index.php
[ info ] localhost/index.php [运行时间：0.120350s][吞吐率：8.31req/s] [内存消耗：1,506.70kb] [文件加载：40]
[ info ] [ LANG ] E:\wxProjects\posSigntp5\thinkphp\lang\zh-cn.php
[ info ] [ ROUTE ] array (
  'type' => 'module',
  'module' => 
  array (
    0 => '',
    1 => NULL,
    2 => NULL,
  ),
)
[ info ] [ HEADER ] array (
  'host' => 'localhost',
  'accept-encoding' => 'compress,gzip',
  'connection' => 'Close',
)
[ info ] [ PARAM ] array (
)
[ info ] [ LOG ] INIT File
---------------------------------------------------------------
[ 2018-08-23T19:20:10+08:00 ] 0.0.0.0 POST /index/user/successSign
[ info ] localhost/index/user/successSign [运行时间：0.119636s][吞吐率：8.36req/s] [内存消耗：2,826.06kb] [文件加载：55]
[ info ] [ LANG ] E:\wxProjects\posSigntp5\thinkphp\lang\zh-cn.php
[ info ] [ ROUTE ] array (
  'type' => 'module',
  'module' => 
  array (
    0 => 'index',
    1 => 'user',
    2 => 'successSign',
  ),
)
[ info ] [ HEADER ] array (
  'host' => 'localhost',
  'connection' => 'keep-alive',
  'content-length' => '76',
  'pragma' => 'no-cache',
  'cache-control' => 'no-cache',
  'origin' => 'http://127.0.0.1:53361',
  'user-agent' => 'Mozilla/5.0 (iPhone; CPU iPhone OS 9_1 like Mac OS X) AppleWebKit/601.1.46 (KHTML, like Gecko) Version/9.0 Mobile/13B143 Safari/601.1 wechatdevtools/1.02.1804120 MicroMessenger/6.5.7 Language/zh_CN webview/',
  'content-type' => 'application/json',
  'accept' => '*/*',
  'referer' => 'https://servicewechat.com/wx73d5034bff091768/devtools/page-frame.html',
  'accept-encoding' => 'gzip, deflate, br',
)
[ info ] [ PARAM ] array (
  'openid' => 'oFzv50HGlXxCp_zEwxOlLO7h8ixE',
  'position' => '本部校三一大楼',
)
[ info ] [ RUN ] app\index\controller\User->successSign[ E:\wxProjects\posSigntp5\application\index\controller\User.php ]
[ info ] [ DB ] INIT mysql
[ info ] [ LOG ] INIT File
[ sql ] [ DB ] CONNECT:[ UseTime:0.002801s ] mysql:host=127.0.0.1;port=3306;dbname=positionsign;charset=utf8
[ sql ] [ SQL ] SHOW COLUMNS FROM `user_info` [ RunTime:0.016813s ]
[ sql ] [ SQL ] SELECT * FROM `user_info` WHERE  `openid` = 'oFzv50HGlXxCp_zEwxOlLO7h8ixE' [ RunTime:0.000604s ]
[ sql ] [ SQL ] SHOW COLUMNS FROM `sign_status` [ RunTime:0.022030s ]
[ sql ] [ SQL ] SELECT * FROM `sign_status` WHERE  `openid` = 'oFzv50HGlXxCp_zEwxOlLO7h8ixE'  AND `position_name` = '本部校三一大楼' [ RunTime:0.000463s ]
[ sql ] [ SQL ] SHOW COLUMNS FROM `position_info` [ RunTime:0.011563s ]
[ sql ] [ SQL ] SELECT `position_number` FROM `position_info` WHERE  `position_name` = '本部校三一大楼' [ RunTime:0.000613s ]
[ sql ] [ SQL ] SELECT `position_grade` FROM `position_info` WHERE  `position_name` = '本部校三一大楼' [ RunTime:0.001187s ]
[ error ] [8]未定义数组下标: 0[E:\wxProjects\posSigntp5\application\index\model\User.php:184]
---------------------------------------------------------------
[ 2018-08-23T19:23:19+08:00 ] 0.0.0.0 POST /index/user/successSign
[ info ] localhost/index/user/successSign [运行时间：0.136161s][吞吐率：7.34req/s] [内存消耗：2,808.20kb] [文件加载：52]
[ info ] [ LANG ] E:\wxProjects\posSigntp5\thinkphp\lang\zh-cn.php
[ info ] [ ROUTE ] array (
  'type' => 'module',
  'module' => 
  array (
    0 => 'index',
    1 => 'user',
    2 => 'successSign',
  ),
)
[ info ] [ HEADER ] array (
  'host' => 'localhost',
  'connection' => 'keep-alive',
  'content-length' => '73',
  'pragma' => 'no-cache',
  'cache-control' => 'no-cache',
  'origin' => 'http://127.0.0.1:53361',
  'user-agent' => 'Mozilla/5.0 (iPhone; CPU iPhone OS 9_1 like Mac OS X) AppleWebKit/601.1.46 (KHTML, like Gecko) Version/9.0 Mobile/13B143 Safari/601.1 wechatdevtools/1.02.1804120 MicroMessenger/6.5.7 Language/zh_CN webview/',
  'content-type' => 'application/json',
  'accept' => '*/*',
  'referer' => 'https://servicewechat.com/wx73d5034bff091768/devtools/page-frame.html',
  'accept-encoding' => 'gzip, deflate, br',
)
[ info ] [ PARAM ] array (
  'openid' => 'oFzv50HGlXxCp_zEwxOlLO7h8ixE',
  'position' => '本部校和平楼',
)
[ info ] [ RUN ] app\index\controller\User->successSign[ E:\wxProjects\posSigntp5\application\index\controller\User.php ]
[ info ] [ DB ] INIT mysql
[ info ] [ LOG ] INIT File
[ sql ] [ DB ] CONNECT:[ UseTime:0.006205s ] mysql:host=127.0.0.1;port=3306;dbname=positionsign;charset=utf8
[ sql ] [ SQL ] SHOW COLUMNS FROM `user_info` [ RunTime:0.016597s ]
[ sql ] [ SQL ] SELECT * FROM `user_info` WHERE  `openid` = 'oFzv50HGlXxCp_zEwxOlLO7h8ixE' [ RunTime:0.000533s ]
[ sql ] [ SQL ] SHOW COLUMNS FROM `sign_status` [ RunTime:0.018181s ]
[ sql ] [ SQL ] SELECT * FROM `sign_status` WHERE  `openid` = 'oFzv50HGlXxCp_zEwxOlLO7h8ixE'  AND `position_name` = '本部校和平楼' [ RunTime:0.000420s ]
[ sql ] [ SQL ] SHOW COLUMNS FROM `position_info` [ RunTime:0.012443s ]
[ sql ] [ SQL ] SELECT `position_number` FROM `position_info` WHERE  `position_name` = '本部校和平楼' [ RunTime:0.000350s ]
[ sql ] [ SQL ] SELECT `position_grade` FROM `position_info` WHERE  `position_name` = '本部校和平楼' [ RunTime:0.000245s ]
[ sql ] [ SQL ] SHOW COLUMNS FROM `user_rank` [ RunTime:0.018048s ]
[ sql ] [ SQL ] SELECT * FROM `user_rank` WHERE  `openid` = 'oFzv50HGlXxCp_zEwxOlLO7h8ixE' [ RunTime:0.000385s ]
[ sql ] [ SQL ] SELECT `allrank` FROM `user_rank` WHERE  `openid` = 'oFzv50HGlXxCp_zEwxOlLO7h8ixE' [ RunTime:0.000257s ]
[ sql ] [ SQL ] SELECT COUNT(*) AS tp_count FROM `user_rank` WHERE  (  sign_grade >= (84.1) ) LIMIT 1 [ RunTime:0.000272s ]
[ sql ] [ SQL ] INSERT INTO `sign_status` (`openid` , `position_name` , `rank` , `gain` , `signtime`) VALUES ('oFzv50HGlXxCp_zEwxOlLO7h8ixE' , '本部校和平楼' , 1 , 44 , '2018-08-23 19:23;19') [ RunTime:0.000477s ]
[ sql ] [ SQL ] UPDATE `user_rank`  SET `allrank`=3,`openid`='oFzv50HGlXxCp_zEwxOlLO7h8ixE',`sign_grade`='84.1',`completed_num`=2,`username`='踏雪无痕',`face`='https://wx.qlogo.cn/mmopen/vi_32/yEBeOZeicvRUPc6icADqYB3EstYBjlq27yNspMB5rzx8w1WuhLt9wZP7pk5G7J2zcvcrVUVsYv3IlHexFvkHhhww/132'  WHERE  `openid` = 'oFzv50HGlXxCp_zEwxOlLO7h8ixE' [ RunTime:0.000387s ]
[ sql ] [ SQL ] UPDATE `position_info`  SET `position_number`=1  WHERE  `position_name` = '本部校和平楼' [ RunTime:0.000347s ]
---------------------------------------------------------------
[ 2018-08-23T19:23:22+08:00 ] 0.0.0.0 POST /index/user/getRankInfo
[ info ] localhost/index/user/getRankInfo [运行时间：0.102488s][吞吐率：9.76req/s] [内存消耗：2,773.80kb] [文件加载：51]
[ info ] [ LANG ] E:\wxProjects\posSigntp5\thinkphp\lang\zh-cn.php
[ info ] [ ROUTE ] array (
  'type' => 'module',
  'module' => 
  array (
    0 => 'index',
    1 => 'user',
    2 => 'getRankInfo',
  ),
)
[ info ] [ HEADER ] array (
  'host' => 'localhost',
  'connection' => 'keep-alive',
  'content-length' => '41',
  'pragma' => 'no-cache',
  'cache-control' => 'no-cache',
  'origin' => 'http://127.0.0.1:53361',
  'user-agent' => 'Mozilla/5.0 (iPhone; CPU iPhone OS 9_1 like Mac OS X) AppleWebKit/601.1.46 (KHTML, like Gecko) Version/9.0 Mobile/13B143 Safari/601.1 wechatdevtools/1.02.1804120 MicroMessenger/6.5.7 Language/zh_CN webview/',
  'content-type' => 'application/json',
  'accept' => '*/*',
  'referer' => 'https://servicewechat.com/wx73d5034bff091768/devtools/page-frame.html',
  'accept-encoding' => 'gzip, deflate, br',
)
[ info ] [ PARAM ] array (
  'openid' => 'oFzv50HGlXxCp_zEwxOlLO7h8ixE',
)
[ info ] [ RUN ] app\index\controller\User->getRankInfo[ E:\wxProjects\posSigntp5\application\index\controller\User.php ]
[ info ] [ DB ] INIT mysql
[ info ] [ LOG ] INIT File
[ sql ] [ DB ] CONNECT:[ UseTime:0.012276s ] mysql:host=127.0.0.1;port=3306;dbname=positionsign;charset=utf8
[ sql ] [ SQL ] SHOW COLUMNS FROM `user_rank` [ RunTime:0.013901s ]
[ sql ] [ SQL ] SELECT * FROM `user_rank` ORDER BY `allrank` ASC [ RunTime:0.000535s ]
[ sql ] [ SQL ] SHOW COLUMNS FROM `user_info` [ RunTime:0.019575s ]
[ sql ] [ SQL ] SELECT * FROM `user_info` WHERE  `openid` = 'oFzv50HGlXxCp_zEwxOlLO7h8ixE' [ RunTime:0.000377s ]
---------------------------------------------------------------
[ 2018-08-23T19:23:55+08:00 ] 0.0.0.0 POST /index/user/successSign
[ info ] localhost/index/user/successSign [运行时间：0.139168s][吞吐率：7.19req/s] [内存消耗：2,814.80kb] [文件加载：52]
[ info ] [ LANG ] E:\wxProjects\posSigntp5\thinkphp\lang\zh-cn.php
[ info ] [ ROUTE ] array (
  'type' => 'module',
  'module' => 
  array (
    0 => 'index',
    1 => 'user',
    2 => 'successSign',
  ),
)
[ info ] [ HEADER ] array (
  'host' => 'localhost',
  'connection' => 'keep-alive',
  'content-length' => '76',
  'pragma' => 'no-cache',
  'cache-control' => 'no-cache',
  'origin' => 'http://127.0.0.1:53361',
  'user-agent' => 'Mozilla/5.0 (iPhone; CPU iPhone OS 9_1 like Mac OS X) AppleWebKit/601.1.46 (KHTML, like Gecko) Version/9.0 Mobile/13B143 Safari/601.1 wechatdevtools/1.02.1804120 MicroMessenger/6.5.7 Language/zh_CN webview/',
  'content-type' => 'application/json',
  'accept' => '*/*',
  'referer' => 'https://servicewechat.com/wx73d5034bff091768/devtools/page-frame.html',
  'accept-encoding' => 'gzip, deflate, br',
)
[ info ] [ PARAM ] array (
  'openid' => 'oFzv50HGlXxCp_zEwxOlLO7h8ixE',
  'position' => '本部校三五食堂',
)
[ info ] [ RUN ] app\index\controller\User->successSign[ E:\wxProjects\posSigntp5\application\index\controller\User.php ]
[ info ] [ DB ] INIT mysql
[ info ] [ LOG ] INIT File
[ sql ] [ DB ] CONNECT:[ UseTime:0.006075s ] mysql:host=127.0.0.1;port=3306;dbname=positionsign;charset=utf8
[ sql ] [ SQL ] SHOW COLUMNS FROM `user_info` [ RunTime:0.017946s ]
[ sql ] [ SQL ] SELECT * FROM `user_info` WHERE  `openid` = 'oFzv50HGlXxCp_zEwxOlLO7h8ixE' [ RunTime:0.000402s ]
[ sql ] [ SQL ] SHOW COLUMNS FROM `sign_status` [ RunTime:0.020685s ]
[ sql ] [ SQL ] SELECT * FROM `sign_status` WHERE  `openid` = 'oFzv50HGlXxCp_zEwxOlLO7h8ixE'  AND `position_name` = '本部校三五食堂' [ RunTime:0.000413s ]
[ sql ] [ SQL ] SHOW COLUMNS FROM `position_info` [ RunTime:0.013399s ]
[ sql ] [ SQL ] SELECT `position_number` FROM `position_info` WHERE  `position_name` = '本部校三五食堂' [ RunTime:0.000334s ]
[ sql ] [ SQL ] SELECT `position_grade` FROM `position_info` WHERE  `position_name` = '本部校三五食堂' [ RunTime:0.000275s ]
[ sql ] [ SQL ] SHOW COLUMNS FROM `user_rank` [ RunTime:0.019361s ]
[ sql ] [ SQL ] SELECT * FROM `user_rank` WHERE  `openid` = 'oFzv50HGlXxCp_zEwxOlLO7h8ixE' [ RunTime:0.000346s ]
[ sql ] [ SQL ] SELECT `allrank` FROM `user_rank` WHERE  `openid` = 'oFzv50HGlXxCp_zEwxOlLO7h8ixE' [ RunTime:0.000382s ]
[ sql ] [ SQL ] SELECT COUNT(*) AS tp_count FROM `user_rank` WHERE  (  sign_grade >= (124.67) ) LIMIT 1 [ RunTime:0.000257s ]
[ sql ] [ SQL ] UPDATE `user_rank`  SET `allrank`=3  WHERE  `allrank` = 2 [ RunTime:0.000232s ]
[ sql ] [ SQL ] UPDATE `user_rank`  SET `allrank`=2  WHERE  `allrank` = 1 [ RunTime:0.000130s ]
[ sql ] [ SQL ] INSERT INTO `sign_status` (`openid` , `position_name` , `rank` , `gain` , `signtime`) VALUES ('oFzv50HGlXxCp_zEwxOlLO7h8ixE' , '本部校三五食堂' , 601 , 40.57 , '2018-08-23 19:23;55') [ RunTime:0.000205s ]
[ sql ] [ SQL ] UPDATE `user_rank`  SET `allrank`=1,`openid`='oFzv50HGlXxCp_zEwxOlLO7h8ixE',`sign_grade`='124.67',`completed_num`=3,`username`='踏雪无痕',`face`='https://wx.qlogo.cn/mmopen/vi_32/yEBeOZeicvRUPc6icADqYB3EstYBjlq27yNspMB5rzx8w1WuhLt9wZP7pk5G7J2zcvcrVUVsYv3IlHexFvkHhhww/132'  WHERE  `openid` = 'oFzv50HGlXxCp_zEwxOlLO7h8ixE' [ RunTime:0.000320s ]
[ sql ] [ SQL ] UPDATE `position_info`  SET `position_number`=601  WHERE  `position_name` = '本部校三五食堂' [ RunTime:0.000238s ]
---------------------------------------------------------------
[ 2018-08-23T19:23:56+08:00 ] 0.0.0.0 POST /index/user/getRankInfo
[ info ] localhost/index/user/getRankInfo [运行时间：0.092355s][吞吐率：10.83req/s] [内存消耗：2,773.81kb] [文件加载：51]
[ info ] [ LANG ] E:\wxProjects\posSigntp5\thinkphp\lang\zh-cn.php
[ info ] [ ROUTE ] array (
  'type' => 'module',
  'module' => 
  array (
    0 => 'index',
    1 => 'user',
    2 => 'getRankInfo',
  ),
)
[ info ] [ HEADER ] array (
  'host' => 'localhost',
  'connection' => 'keep-alive',
  'content-length' => '41',
  'pragma' => 'no-cache',
  'cache-control' => 'no-cache',
  'origin' => 'http://127.0.0.1:53361',
  'user-agent' => 'Mozilla/5.0 (iPhone; CPU iPhone OS 9_1 like Mac OS X) AppleWebKit/601.1.46 (KHTML, like Gecko) Version/9.0 Mobile/13B143 Safari/601.1 wechatdevtools/1.02.1804120 MicroMessenger/6.5.7 Language/zh_CN webview/',
  'content-type' => 'application/json',
  'accept' => '*/*',
  'referer' => 'https://servicewechat.com/wx73d5034bff091768/devtools/page-frame.html',
  'accept-encoding' => 'gzip, deflate, br',
)
[ info ] [ PARAM ] array (
  'openid' => 'oFzv50HGlXxCp_zEwxOlLO7h8ixE',
)
[ info ] [ RUN ] app\index\controller\User->getRankInfo[ E:\wxProjects\posSigntp5\application\index\controller\User.php ]
[ info ] [ DB ] INIT mysql
[ info ] [ LOG ] INIT File
[ sql ] [ DB ] CONNECT:[ UseTime:0.002734s ] mysql:host=127.0.0.1;port=3306;dbname=positionsign;charset=utf8
[ sql ] [ SQL ] SHOW COLUMNS FROM `user_rank` [ RunTime:0.016062s ]
[ sql ] [ SQL ] SELECT * FROM `user_rank` ORDER BY `allrank` ASC [ RunTime:0.000538s ]
[ sql ] [ SQL ] SHOW COLUMNS FROM `user_info` [ RunTime:0.019087s ]
[ sql ] [ SQL ] SELECT * FROM `user_info` WHERE  `openid` = 'oFzv50HGlXxCp_zEwxOlLO7h8ixE' [ RunTime:0.000437s ]
